  [1m[35m (2.4ms)[0m  [1m[34mSELECT sqlite_version(*)[0m
  [1m[35m (0.8ms)[0m  [1m[35mCREATE TABLE "schema_migrations" ("version" varchar NOT NULL PRIMARY KEY)[0m
  [1m[35m (1.0ms)[0m  [1m[35mCREATE TABLE "ar_internal_metadata" ("key" varchar NOT NULL PRIMARY KEY, "value" varchar, "created_at" datetime(6) NOT NULL, "updated_at" datetime(6) NOT NULL)[0m
  [1m[35m (0.1ms)[0m  [1m[34mSELECT "schema_migrations"."version" FROM "schema_migrations" ORDER BY "schema_migrations"."version" ASC[0m
Migrating to CreateUsers (20230824043908)
  [1m[36mTRANSACTION (0.0ms)[0m  [1m[36mbegin transaction[0m
  [1m[35m (0.4ms)[0m  [1m[35mCREATE TABLE "users" ("id" integer PRIMARY KEY AUTOINCREMENT NOT NULL, "username" varchar, "password_digest" varchar, "created_at" datetime(6) NOT NULL, "updated_at" datetime(6) NOT NULL)[0m
  [1m[36mActiveRecord::SchemaMigration Create (0.1ms)[0m  [1m[32mINSERT INTO "schema_migrations" ("version") VALUES (?)[0m  [["version", "20230824043908"]]
  [1m[36mTRANSACTION (0.6ms)[0m  [1m[36mcommit transaction[0m
Migrating to CreateProducts (20230824043914)
  [1m[36mTRANSACTION (0.0ms)[0m  [1m[36mbegin transaction[0m
  [1m[35m (0.3ms)[0m  [1m[35mCREATE TABLE "products" ("id" integer PRIMARY KEY AUTOINCREMENT NOT NULL, "name" varchar, "description" text, "created_at" datetime(6) NOT NULL, "updated_at" datetime(6) NOT NULL)[0m
  [1m[36mActiveRecord::SchemaMigration Create (0.1ms)[0m  [1m[32mINSERT INTO "schema_migrations" ("version") VALUES (?)[0m  [["version", "20230824043914"]]
  [1m[36mTRANSACTION (0.9ms)[0m  [1m[36mcommit transaction[0m
  [1m[36mActiveRecord::InternalMetadata Load (0.1ms)[0m  [1m[34mSELECT "ar_internal_metadata".* FROM "ar_internal_metadata" WHERE "ar_internal_metadata"."key" = ? LIMIT ?[0m  [["key", "environment"], ["LIMIT", 1]]
  [1m[36mTRANSACTION (0.0ms)[0m  [1m[36mbegin transaction[0m
  [1m[36mActiveRecord::InternalMetadata Create (0.4ms)[0m  [1m[32mINSERT INTO "ar_internal_metadata" ("key", "value", "created_at", "updated_at") VALUES (?, ?, ?, ?)[0m  [["key", "environment"], ["value", "development"], ["created_at", "2023-08-24 04:39:21.981872"], ["updated_at", "2023-08-24 04:39:21.981872"]]
  [1m[36mTRANSACTION (0.6ms)[0m  [1m[36mcommit transaction[0m
  [1m[35m (0.0ms)[0m  [1m[34mSELECT sqlite_version(*)[0m
  [1m[35m (0.0ms)[0m  [1m[34mSELECT "schema_migrations"."version" FROM "schema_migrations" ORDER BY "schema_migrations"."version" ASC[0m
  [1m[35m (0.9ms)[0m  [1m[34mSELECT sqlite_version(*)[0m
  [1m[36mTRANSACTION (0.1ms)[0m  [1m[36mbegin transaction[0m
  [1m[36mUser Create (1.7ms)[0m  [1m[32mINSERT INTO "users" ("username", "password_digest", "created_at", "updated_at") VALUES (?, ?, ?, ?)[0m  [["username", "emi"], ["password_digest", "$2a$12$4nNgAuYalK8IFAnX3zGffuAxOH.SbYNov.n4gbLjhR9lkk1d1htLS"], ["created_at", "2023-08-24 04:42:35.527733"], ["updated_at", "2023-08-24 04:42:35.527733"]]
  [1m[36mTRANSACTION (0.6ms)[0m  [1m[36mcommit transaction[0m
  [1m[36mTRANSACTION (0.0ms)[0m  [1m[36mbegin transaction[0m
  [1m[36mProduct Create (0.9ms)[0m  [1m[32mINSERT INTO "products" ("name", "description", "created_at", "updated_at") VALUES (?, ?, ?, ?)[0m  [["name", "Rad Ruby"], ["description", "A book collection of Ruby tips"], ["created_at", "2023-08-24 04:42:42.668627"], ["updated_at", "2023-08-24 04:42:42.668627"]]
  [1m[36mTRANSACTION (0.4ms)[0m  [1m[36mcommit transaction[0m
Started POST "/login" for 127.0.0.1 at 2023-08-24 10:14:59 +0530
  [1m[35m (0.8ms)[0m  [1m[34mSELECT sqlite_version(*)[0m
  [1m[35m (0.1ms)[0m  [1m[34mSELECT "schema_migrations"."version" FROM "schema_migrations" ORDER BY "schema_migrations"."version" ASC[0m
Processing by AuthenticationController#login as */*
  Parameters: {"username"=>"manny", "password"=>"[FILTERED]", "authentication"=>{"username"=>"manny", "password"=>"[FILTERED]"}}
  [1m[36mUser Load (0.4ms)[0m  [1m[34mSELECT "users".* FROM "users" WHERE "users"."username" = ? LIMIT ?[0m  [["username", "manny"], ["LIMIT", 1]]
  ↳ app/controllers/authentication_controller.rb:5:in `login'
Completed 401 Unauthorized in 23ms (Views: 0.1ms | ActiveRecord: 0.6ms | Allocations: 5613)


Started POST "/login" for 127.0.0.1 at 2023-08-24 10:15:06 +0530
Processing by AuthenticationController#login as */*
  Parameters: {"username"=>"emi", "password"=>"[FILTERED]", "authentication"=>{"username"=>"emi", "password"=>"[FILTERED]"}}
  [1m[36mUser Load (0.2ms)[0m  [1m[34mSELECT "users".* FROM "users" WHERE "users"."username" = ? LIMIT ?[0m  [["username", "emi"], ["LIMIT", 1]]
  ↳ app/controllers/authentication_controller.rb:5:in `login'
Completed 200 OK in 262ms (Views: 0.2ms | ActiveRecord: 0.5ms | Allocations: 3364)


Started GET "/products" for 127.0.0.1 at 2023-08-24 10:15:18 +0530
  
ActionController::RoutingError (No route matches [GET] "/products"):
  
Started GET "/product" for 127.0.0.1 at 2023-08-24 10:15:27 +0530
  
ActionController::RoutingError (No route matches [GET] "/product"):
  
Started GET "/products" for 127.0.0.1 at 2023-08-24 10:16:06 +0530
  [1m[35m (1.0ms)[0m  [1m[34mSELECT sqlite_version(*)[0m
  [1m[35m (0.1ms)[0m  [1m[34mSELECT "schema_migrations"."version" FROM "schema_migrations" ORDER BY "schema_migrations"."version" ASC[0m
Processing by ProductController#index as */*
Completed 200 OK in 1ms (Views: 0.1ms | ActiveRecord: 0.0ms | Allocations: 314)


Started GET "/products" for 127.0.0.1 at 2023-08-24 10:16:14 +0530
Processing by ProductController#index as */*
Completed 200 OK in 0ms (Views: 0.1ms | ActiveRecord: 0.0ms | Allocations: 138)


Started POST "/login" for 127.0.0.1 at 2023-08-24 10:16:22 +0530
Processing by AuthenticationController#login as */*
  Parameters: {"username"=>"emi", "password"=>"[FILTERED]", "authentication"=>{"username"=>"emi", "password"=>"[FILTERED]"}}
  [1m[36mUser Load (0.5ms)[0m  [1m[34mSELECT "users".* FROM "users" WHERE "users"."username" = ? LIMIT ?[0m  [["username", "emi"], ["LIMIT", 1]]
  ↳ app/controllers/authentication_controller.rb:5:in `login'
Completed 200 OK in 260ms (Views: 0.1ms | ActiveRecord: 0.8ms | Allocations: 6207)


Started GET "/products" for 127.0.0.1 at 2023-08-24 10:16:40 +0530
Processing by ProductController#index as */*
  [1m[36mUser Load (0.8ms)[0m  [1m[34mSELECT "users".* FROM "users" WHERE "users"."id" = ? LIMIT ?[0m  [["id", 1], ["LIMIT", 1]]
  ↳ app/controllers/application_controller.rb:14:in `authenticate'
  [1m[36mProduct Load (0.1ms)[0m  [1m[34mSELECT "products".* FROM "products"[0m
  ↳ app/controllers/product_controller.rb:7:in `index'
Completed 200 OK in 18ms (Views: 6.1ms | ActiveRecord: 1.1ms | Allocations: 4789)


